
Bookモデルのテスト
  バリデーションのテスト
    titleカラム
[31m      空欄でないこと (FAILED - 1)[0m
    bodyカラム
[31m      空欄でないこと (FAILED - 2)[0m
[31m      200文字以下であること: 200文字は〇 (FAILED - 3)[0m
[31m      200文字以下であること: 201文字は× (FAILED - 4)[0m
  アソシエーションのテスト
    Userモデルとの関係
[31m      N:1となっている (FAILED - 5)[0m

Userモデルのテスト
  バリデーションのテスト
    nameカラム
[31m      空欄でないこと (FAILED - 6)[0m
[31m      2文字以上であること: 1文字は× (FAILED - 7)[0m
[31m      2文字以上であること: 2文字は〇 (FAILED - 8)[0m
[31m      20文字以下であること: 20文字は〇 (FAILED - 9)[0m
[31m      20文字以下であること: 21文字は× (FAILED - 10)[0m
[31m      一意性があること (FAILED - 11)[0m
    introductionカラム
[31m      50文字以下であること: 50文字は〇 (FAILED - 12)[0m
[31m      50文字以下であること: 51文字は× (FAILED - 13)[0m
  アソシエーションのテスト
    Bookモデルとの関係
[31m      1:Nとなっている (FAILED - 14)[0m

[STEP1] ユーザログイン前のテスト
  トップ画面のテスト
    表示内容の確認
[31m      URLが正しい (FAILED - 15)[0m
[31m      Log inリンクが表示される: 左上から5番目のリンクが「Log in」である (FAILED - 16)[0m
[31m      Log inリンクの内容が正しい (FAILED - 17)[0m
[31m      Sign Upリンクが表示される: 左上から6番目のリンクが「Sign Up」である (FAILED - 18)[0m
[31m      Sign Upリンクの内容が正しい (FAILED - 19)[0m
  アバウト画面のテスト
    表示内容の確認
[31m      URLが正しい (FAILED - 20)[0m
  ヘッダーのテスト: ログインしていない場合
    表示内容の確認
[31m      タイトルが表示される (FAILED - 21)[0m
[31m      Homeリンクが表示される: 左上から1番目のリンクが「Home」である (FAILED - 22)[0m
[31m      Aboutリンクが表示される: 左上から2番目のリンクが「About」である (FAILED - 23)[0m
[31m      sign upリンクが表示される: 左上から3番目のリンクが「sign up」である (FAILED - 24)[0m
[31m      loginリンクが表示される: 左上から4番目のリンクが「login」である (FAILED - 25)[0m
    リンクの内容を確認
[31m      Homeを押すと、トップ画面に遷移する (FAILED - 26)[0m
[31m      Aboutを押すと、アバウト画面に遷移する (FAILED - 27)[0m
[31m      sign upを押すと、新規登録画面に遷移する (FAILED - 28)[0m
[31m      loginを押すと、ログイン画面に遷移する (FAILED - 29)[0m
  ユーザ新規登録のテスト
    表示内容の確認
[31m      URLが正しい (FAILED - 30)[0m
[31m      「Sign up」と表示される (FAILED - 31)[0m
[31m      nameフォームが表示される (FAILED - 32)[0m
[31m      emailフォームが表示される (FAILED - 33)[0m
[31m      passwordフォームが表示される (FAILED - 34)[0m
[31m      password_confirmationフォームが表示される (FAILED - 35)[0m
[31m      Sign upボタンが表示される (FAILED - 36)[0m
    新規登録成功のテスト
[31m      正しく新規登録される (FAILED - 37)[0m
[31m      新規登録後のリダイレクト先が、新規登録できたユーザの詳細画面になっている (FAILED - 38)[0m
  ユーザログイン
    表示内容の確認
[31m      URLが正しい (FAILED - 39)[0m
[31m      「Log in」と表示される (FAILED - 40)[0m
[31m      nameフォームが表示される (FAILED - 41)[0m
[31m      passwordフォームが表示される (FAILED - 42)[0m
[31m      Log inボタンが表示される (FAILED - 43)[0m
[31m      emailフォームは表示されない (FAILED - 44)[0m
    ログイン成功のテスト
[31m      ログイン後のリダイレクト先が、ログインしたユーザの詳細画面になっている (FAILED - 45)[0m
    ログイン失敗のテスト
[31m      ログインに失敗し、ログイン画面にリダイレクトされる (FAILED - 46)[0m
  ヘッダーのテスト: ログインしている場合
    ヘッダーの表示を確認
[31m      タイトルが表示される (FAILED - 47)[0m
[31m      Homeリンクが表示される: 左上から1番目のリンクが「Home」である (FAILED - 48)[0m
[31m      Usersリンクが表示される: 左上から2番目のリンクが「Users」である (FAILED - 49)[0m
[31m      Booksリンクが表示される: 左上から3番目のリンクが「Books」である (FAILED - 50)[0m
[31m      log outリンクが表示される: 左上から4番目のリンクが「logout」である (FAILED - 51)[0m
  ユーザログアウトのテスト
    ログアウト機能のテスト
[31m      正しくログアウトできている: ログアウト後のリダイレクト先においてAbout画面へのリンクが存在する (FAILED - 52)[0m
[31m      ログアウト後のリダイレクト先が、トップになっている (FAILED - 53)[0m

[STEP2] ユーザログイン後のテスト
  ヘッダーのテスト: ログインしている場合
    リンクの内容を確認: ※logoutは『ユーザログアウトのテスト』でテスト済みになります。
[31m      Homeを押すと、自分のユーザ詳細画面に遷移する (FAILED - 54)[0m
[31m      Usersを押すと、ユーザ一覧画面に遷移する (FAILED - 55)[0m
[31m      Booksを押すと、投稿一覧画面に遷移する (FAILED - 56)[0m
  投稿一覧画面のテスト
    表示内容の確認
[31m      URLが正しい (FAILED - 57)[0m
[31m      自分と他人の画像のリンク先が正しい (FAILED - 58)[0m
[31m      自分の投稿と他人の投稿のタイトルのリンク先がそれぞれ正しい (FAILED - 59)[0m
[31m      自分の投稿と他人の投稿のオピニオンが表示される (FAILED - 60)[0m
    サイドバーの確認
[31m      自分の名前と紹介文が表示される (FAILED - 61)[0m
[31m      自分のユーザ編集画面へのリンクが存在する (FAILED - 62)[0m
[31m      「New book」と表示される (FAILED - 63)[0m
[31m      titleフォームが表示される (FAILED - 64)[0m
[31m      titleフォームに値が入っていない (FAILED - 65)[0m
[31m      opinionフォームが表示される (FAILED - 66)[0m
[31m      opinionフォームに値が入っていない (FAILED - 67)[0m
[31m      Create Bookボタンが表示される (FAILED - 68)[0m
    投稿成功のテスト
[31m      自分の新しい投稿が正しく保存される (FAILED - 69)[0m
[31m      リダイレクト先が、保存できた投稿の詳細画面になっている (FAILED - 70)[0m
  自分の投稿詳細画面のテスト
    表示内容の確認
[31m      URLが正しい (FAILED - 71)[0m
[31m      「Book detail」と表示される (FAILED - 72)[0m
[31m      ユーザ画像・名前のリンク先が正しい (FAILED - 73)[0m
[31m      投稿のtitleが表示される (FAILED - 74)[0m
[31m      投稿のopinionが表示される (FAILED - 75)[0m
[31m      投稿の編集リンクが表示される (FAILED - 76)[0m
[31m      投稿の削除リンクが表示される (FAILED - 77)[0m
    サイドバーの確認
[31m      自分の名前と紹介文が表示される (FAILED - 78)[0m
[31m      自分のユーザ編集画面へのリンクが存在する (FAILED - 79)[0m
[31m      「New book」と表示される (FAILED - 80)[0m
[31m      titleフォームが表示される (FAILED - 81)[0m
[31m      titleフォームに値が入っていない (FAILED - 82)[0m
[31m      opinionフォームが表示される (FAILED - 83)[0m
[31m      opinionフォームに値が入っていない (FAILED - 84)[0m
[31m      Create Bookボタンが表示される (FAILED - 85)[0m
    投稿成功のテスト
[31m      自分の新しい投稿が正しく保存される (FAILED - 86)[0m
    編集リンクのテスト
[31m      編集画面に遷移する (FAILED - 87)[0m
    削除リンクのテスト
[31m      正しく削除される (FAILED - 88)[0m
[31m      リダイレクト先が、投稿一覧画面になっている (FAILED - 89)[0m
  自分の投稿編集画面のテスト
    表示の確認
[31m      URLが正しい (FAILED - 90)[0m
[31m      「Editing Book」と表示される (FAILED - 91)[0m
[31m      title編集フォームが表示される (FAILED - 92)[0m
[31m      opinion編集フォームが表示される (FAILED - 93)[0m
[31m      Update Bookボタンが表示される (FAILED - 94)[0m
[31m      Showリンクが表示される (FAILED - 95)[0m
[31m      Backリンクが表示される (FAILED - 96)[0m
    編集成功のテスト
[31m      titleが正しく更新される (FAILED - 97)[0m
[31m      bodyが正しく更新される (FAILED - 98)[0m
[31m      リダイレクト先が、更新した投稿の詳細画面になっている (FAILED - 99)[0m
  ユーザ一覧画面のテスト
    表示内容の確認
[31m      URLが正しい (FAILED - 100)[0m
[31m      自分と他人の画像が表示される: fallbackの画像がサイドバーの1つ＋一覧(2人)の2つの計3つ存在する (FAILED - 101)[0m
[31m      自分と他人の名前がそれぞれ表示される (FAILED - 102)[0m
[31m      自分と他人のshowリンクがそれぞれ表示される (FAILED - 103)[0m
    サイドバーの確認
[31m      自分の名前と紹介文が表示される (FAILED - 104)[0m
[31m      自分のユーザ編集画面へのリンクが存在する (FAILED - 105)[0m
[31m      「New book」と表示される (FAILED - 106)[0m
[31m      titleフォームが表示される (FAILED - 107)[0m
[31m      titleフォームに値が入っていない (FAILED - 108)[0m
[31m      opinionフォームが表示される (FAILED - 109)[0m
[31m      opinionフォームに値が入っていない (FAILED - 110)[0m
[31m      Create Bookボタンが表示される (FAILED - 111)[0m
  自分のユーザ詳細画面のテスト
    表示の確認
[31m      URLが正しい (FAILED - 112)[0m
[31m      投稿一覧のユーザ画像のリンク先が正しい (FAILED - 113)[0m
[31m      投稿一覧に自分の投稿のtitleが表示され、リンクが正しい (FAILED - 114)[0m
[31m      投稿一覧に自分の投稿のopinionが表示される (FAILED - 115)[0m
[31m      他人の投稿は表示されない (FAILED - 116)[0m
    サイドバーの確認
[31m      自分の名前と紹介文が表示される (FAILED - 117)[0m
[31m      自分のユーザ編集画面へのリンクが存在する (FAILED - 118)[0m
[31m      「New book」と表示される (FAILED - 119)[0m
[31m      titleフォームが表示される (FAILED - 120)[0m
[31m      titleフォームに値が入っていない (FAILED - 121)[0m
[31m      opinionフォームが表示される (FAILED - 122)[0m
